0 info it worked if it ends with ok
1 verbose cli [ '/usr/bin/node',
1 verbose cli   '/usr/bin/npm',
1 verbose cli   'install',
1 verbose cli   '-g',
1 verbose cli   'create-react-app' ]
2 info using npm@6.4.0
3 info using node@v10.9.0
4 verbose npm-session 9b534e7abcc90fca
5 silly install loadCurrentTree
6 silly install readGlobalPackageData
7 http fetch GET 200 https://registry.npmjs.org/create-react-app 269ms
8 silly pacote tag manifest for create-react-app@latest fetched in 328ms
9 timing stage:loadCurrentTree Completed in 2275ms
10 silly install loadIdealTree
11 silly install cloneCurrentTreeToIdealTree
12 timing stage:loadIdealTree:cloneCurrentTree Completed in 0ms
13 silly install loadShrinkwrap
14 timing stage:loadIdealTree:loadShrinkwrap Completed in 1ms
15 silly install loadAllDepsIntoIdealTree
16 silly resolveWithNewModule create-react-app@1.5.2 checking installable status
17 http fetch GET 200 https://registry.npmjs.org/chalk 77ms
18 silly pacote range manifest for chalk@^1.1.1 fetched in 98ms
19 silly resolveWithNewModule chalk@1.1.3 checking installable status
20 http fetch GET 200 https://registry.npmjs.org/tar-pack 88ms
21 http fetch GET 200 https://registry.npmjs.org/commander 105ms
22 silly pacote range manifest for tar-pack@^3.4.0 fetched in 102ms
23 silly resolveWithNewModule tar-pack@3.4.1 checking installable status
24 silly pacote range manifest for commander@^2.9.0 fetched in 116ms
25 silly resolveWithNewModule commander@2.17.1 checking installable status
26 http fetch GET 200 https://registry.npmjs.org/cross-spawn 129ms
27 http fetch GET 200 https://registry.npmjs.org/tmp 117ms
28 silly pacote range manifest for cross-spawn@^4.0.0 fetched in 133ms
29 silly resolveWithNewModule cross-spawn@4.0.2 checking installable status
30 silly pacote version manifest for tmp@0.0.31 fetched in 120ms
31 silly resolveWithNewModule tmp@0.0.31 checking installable status
32 http fetch GET 200 https://registry.npmjs.org/fs-extra 138ms
33 http fetch GET 200 https://registry.npmjs.org/semver 143ms
34 silly pacote range manifest for fs-extra@^1.0.0 fetched in 146ms
35 silly resolveWithNewModule fs-extra@1.0.0 checking installable status
36 http fetch GET 200 https://registry.npmjs.org/envinfo 149ms
37 silly pacote range manifest for semver@^5.0.3 fetched in 149ms
38 silly resolveWithNewModule semver@5.5.0 checking installable status
39 silly pacote version manifest for envinfo@3.4.2 fetched in 162ms
40 silly resolveWithNewModule envinfo@3.4.2 checking installable status
41 http fetch GET 200 https://registry.npmjs.org/validate-npm-package-name 425ms
42 silly pacote range manifest for validate-npm-package-name@^3.0.0 fetched in 430ms
43 silly resolveWithNewModule validate-npm-package-name@3.0.0 checking installable status
44 http fetch GET 200 https://registry.npmjs.org/hyperquest 1092ms
45 silly pacote range manifest for hyperquest@^2.1.2 fetched in 1096ms
46 silly resolveWithNewModule hyperquest@2.1.3 checking installable status
47 http fetch GET 200 https://registry.npmjs.org/strip-ansi 42ms
48 http fetch GET 200 https://registry.npmjs.org/ansi-styles 45ms
49 http fetch GET 200 https://registry.npmjs.org/supports-color 42ms
50 http fetch GET 200 https://registry.npmjs.org/has-ansi 45ms
51 http fetch GET 200 https://registry.npmjs.org/escape-string-regexp 46ms
52 silly pacote range manifest for strip-ansi@^3.0.0 fetched in 69ms
53 silly resolveWithNewModule strip-ansi@3.0.1 checking installable status
54 silly pacote range manifest for escape-string-regexp@^1.0.2 fetched in 71ms
55 silly resolveWithNewModule escape-string-regexp@1.0.5 checking installable status
56 silly pacote range manifest for supports-color@^2.0.0 fetched in 70ms
57 silly resolveWithNewModule supports-color@2.0.0 checking installable status
58 silly pacote range manifest for ansi-styles@^2.2.1 fetched in 73ms
59 silly resolveWithNewModule ansi-styles@2.2.1 checking installable status
60 silly pacote range manifest for has-ansi@^2.0.0 fetched in 72ms
61 silly resolveWithNewModule has-ansi@2.0.0 checking installable status
62 http fetch GET 200 https://registry.npmjs.org/ansi-regex 19ms
63 silly pacote range manifest for ansi-regex@^2.0.0 fetched in 24ms
64 silly resolveWithNewModule ansi-regex@2.1.1 checking installable status
65 http fetch GET 200 https://registry.npmjs.org/which 27ms
66 http fetch GET 200 https://registry.npmjs.org/lru-cache 30ms
67 silly pacote range manifest for which@^1.2.9 fetched in 36ms
68 silly resolveWithNewModule which@1.3.1 checking installable status
69 silly pacote range manifest for lru-cache@^4.0.1 fetched in 38ms
70 silly resolveWithNewModule lru-cache@4.1.3 checking installable status
71 http fetch GET 200 https://registry.npmjs.org/yallist 26ms
72 http fetch GET 200 https://registry.npmjs.org/pseudomap 28ms
73 silly pacote range manifest for yallist@^2.1.2 fetched in 33ms
74 silly resolveWithNewModule yallist@2.1.2 checking installable status
75 silly pacote range manifest for pseudomap@^1.0.2 fetched in 34ms
76 silly resolveWithNewModule pseudomap@1.0.2 checking installable status
77 http fetch GET 200 https://registry.npmjs.org/isexe 22ms
78 silly pacote range manifest for isexe@^2.0.0 fetched in 25ms
79 silly resolveWithNewModule isexe@2.0.0 checking installable status
80 http fetch GET 200 https://registry.npmjs.org/minimist 25ms
81 silly pacote range manifest for minimist@^1.2.0 fetched in 29ms
82 silly resolveWithNewModule minimist@1.2.0 checking installable status
83 http fetch GET 200 https://registry.npmjs.org/os-name 52ms
84 silly pacote range manifest for os-name@^2.0.1 fetched in 56ms
85 silly resolveWithNewModule os-name@2.0.1 checking installable status
86 http fetch GET 200 https://registry.npmjs.org/win-release 21ms
87 http fetch GET 200 https://registry.npmjs.org/macos-release 23ms
88 silly pacote range manifest for macos-release@^1.0.0 fetched in 27ms
89 silly resolveWithNewModule macos-release@1.1.0 checking installable status
90 silly pacote range manifest for win-release@^1.0.0 fetched in 27ms
91 silly resolveWithNewModule win-release@1.1.1 checking installable status
92 http fetch GET 200 https://registry.npmjs.org/klaw 30ms
93 http fetch GET 200 https://registry.npmjs.org/jsonfile 32ms
94 http fetch GET 200 https://registry.npmjs.org/graceful-fs 32ms
95 silly pacote range manifest for graceful-fs@^4.1.2 fetched in 39ms
96 silly resolveWithNewModule graceful-fs@4.1.11 checking installable status
97 silly pacote range manifest for klaw@^1.0.0 fetched in 40ms
98 silly resolveWithNewModule klaw@1.3.1 checking installable status
99 silly pacote range manifest for jsonfile@^2.1.0 fetched in 41ms
100 silly resolveWithNewModule jsonfile@2.4.0 checking installable status
101 http fetch GET 200 https://registry.npmjs.org/duplexer2 22ms
102 http fetch GET 200 https://registry.npmjs.org/through2 22ms
103 silly pacote range manifest for through2@~0.6.3 fetched in 26ms
104 silly resolveWithNewModule through2@0.6.5 checking installable status
105 silly pacote range manifest for duplexer2@~0.0.2 fetched in 26ms
106 silly resolveWithNewModule duplexer2@0.0.2 checking installable status
107 http fetch GET 200 https://registry.npmjs.org/buffer-from 36ms
108 silly pacote range manifest for buffer-from@^0.1.1 fetched in 39ms
109 silly resolveWithNewModule buffer-from@0.1.2 checking installable status
110 http fetch GET 200 https://registry.npmjs.org/readable-stream 38ms
111 silly pacote range manifest for readable-stream@~1.1.9 fetched in 43ms
112 silly resolveWithNewModule readable-stream@1.1.14 checking installable status
113 http fetch GET 200 https://registry.npmjs.org/core-util-is 33ms
114 http fetch GET 200 https://registry.npmjs.org/inherits 32ms
115 http fetch GET 200 https://registry.npmjs.org/isarray 35ms
116 silly pacote range manifest for core-util-is@~1.0.0 fetched in 43ms
117 silly resolveWithNewModule core-util-is@1.0.2 checking installable status
118 silly pacote range manifest for inherits@~2.0.1 fetched in 40ms
119 silly resolveWithNewModule inherits@2.0.3 checking installable status
120 silly pacote version manifest for isarray@0.0.1 fetched in 44ms
121 silly resolveWithNewModule isarray@0.0.1 checking installable status
122 http fetch GET 200 https://registry.npmjs.org/string_decoder 42ms
123 silly pacote range manifest for string_decoder@~0.10.x fetched in 45ms
124 silly resolveWithNewModule string_decoder@0.10.31 checking installable status
125 silly pacote range manifest for readable-stream@>=1.0.33-1 <1.1.0-0 fetched in 7ms
126 silly resolveWithNewModule readable-stream@1.0.34 checking installable status
127 http fetch GET 200 https://registry.npmjs.org/xtend 21ms
128 silly pacote range manifest for xtend@>=4.0.0 <4.1.0-0 fetched in 24ms
129 silly resolveWithNewModule xtend@4.0.1 checking installable status
130 silly pacote range manifest for readable-stream@^2.1.4 fetched in 8ms
131 silly resolveWithNewModule readable-stream@2.3.6 checking installable status
132 http fetch GET 200 https://registry.npmjs.org/once 25ms
133 silly pacote range manifest for once@^1.3.3 fetched in 30ms
134 silly resolveWithNewModule once@1.4.0 checking installable status
135 http fetch GET 200 https://registry.npmjs.org/uid-number 39ms
136 http fetch GET 200 https://registry.npmjs.org/rimraf 45ms
137 http fetch GET 200 https://registry.npmjs.org/debug 50ms
138 http fetch GET 200 https://registry.npmjs.org/fstream-ignore 51ms
139 http fetch GET 200 https://registry.npmjs.org/fstream 53ms
140 http fetch GET 200 https://registry.npmjs.org/tar 54ms
141 silly pacote range manifest for uid-number@^0.0.6 fetched in 56ms
142 silly resolveWithNewModule uid-number@0.0.6 checking installable status
143 silly pacote range manifest for rimraf@^2.5.1 fetched in 60ms
144 silly resolveWithNewModule rimraf@2.6.2 checking installable status
145 silly pacote range manifest for debug@^2.2.0 fetched in 63ms
146 silly resolveWithNewModule debug@2.6.9 checking installable status
147 silly pacote range manifest for fstream@^1.0.10 fetched in 63ms
148 silly resolveWithNewModule fstream@1.0.11 checking installable status
149 silly pacote range manifest for fstream-ignore@^1.0.5 fetched in 63ms
150 silly resolveWithNewModule fstream-ignore@1.0.5 checking installable status
151 silly pacote range manifest for tar@^2.2.1 fetched in 63ms
152 silly resolveWithNewModule tar@2.2.1 checking installable status
153 http fetch GET 200 https://registry.npmjs.org/ms 21ms
154 silly pacote version manifest for ms@2.0.0 fetched in 23ms
155 silly resolveWithNewModule ms@2.0.0 checking installable status
156 http fetch GET 200 https://registry.npmjs.org/mkdirp 18ms
157 silly pacote range manifest for mkdirp@>=0.5 0 fetched in 22ms
158 silly resolveWithNewModule mkdirp@0.5.1 checking installable status
159 silly pacote version manifest for minimist@0.0.8 fetched in 2ms
160 silly resolveWithNewModule minimist@0.0.8 checking installable status
161 http fetch GET 200 https://registry.npmjs.org/glob 30ms
162 silly pacote range manifest for glob@^7.0.5 fetched in 36ms
163 silly resolveWithNewModule glob@7.1.2 checking installable status
164 http fetch GET 200 https://registry.npmjs.org/fs.realpath 22ms
165 http fetch GET 200 https://registry.npmjs.org/inflight 23ms
166 silly pacote range manifest for fs.realpath@^1.0.0 fetched in 30ms
167 silly resolveWithNewModule fs.realpath@1.0.0 checking installable status
168 silly pacote range manifest for inflight@^1.0.4 fetched in 31ms
169 silly resolveWithNewModule inflight@1.0.6 checking installable status
170 http fetch GET 200 https://registry.npmjs.org/minimatch 32ms
171 http fetch GET 200 https://registry.npmjs.org/path-is-absolute 33ms
172 silly pacote range manifest for minimatch@^3.0.4 fetched in 35ms
173 silly resolveWithNewModule minimatch@3.0.4 checking installable status
174 silly pacote range manifest for path-is-absolute@^1.0.0 fetched in 36ms
175 silly resolveWithNewModule path-is-absolute@1.0.1 checking installable status
176 http fetch GET 200 https://registry.npmjs.org/wrappy 22ms
177 silly pacote range manifest for wrappy@1 fetched in 25ms
178 silly resolveWithNewModule wrappy@1.0.2 checking installable status
179 http fetch GET 200 https://registry.npmjs.org/brace-expansion 24ms
180 silly pacote range manifest for brace-expansion@^1.1.7 fetched in 29ms
181 silly resolveWithNewModule brace-expansion@1.1.11 checking installable status
182 http fetch GET 200 https://registry.npmjs.org/balanced-match 22ms
183 http fetch GET 200 https://registry.npmjs.org/concat-map 26ms
184 silly pacote range manifest for balanced-match@^1.0.0 fetched in 28ms
185 silly resolveWithNewModule balanced-match@1.0.0 checking installable status
186 silly pacote version manifest for concat-map@0.0.1 fetched in 29ms
187 silly resolveWithNewModule concat-map@0.0.1 checking installable status
188 silly pacote range manifest for string_decoder@~1.1.1 fetched in 5ms
189 silly resolveWithNewModule string_decoder@1.1.1 checking installable status
190 silly pacote range manifest for isarray@~1.0.0 fetched in 7ms
191 silly resolveWithNewModule isarray@1.0.0 checking installable status
192 http fetch GET 200 https://registry.npmjs.org/safe-buffer 24ms
193 http fetch GET 200 https://registry.npmjs.org/process-nextick-args 28ms
194 http fetch GET 200 https://registry.npmjs.org/util-deprecate 29ms
195 silly pacote range manifest for safe-buffer@~5.1.1 fetched in 30ms
196 silly resolveWithNewModule safe-buffer@5.1.2 checking installable status
197 silly pacote range manifest for process-nextick-args@~2.0.0 fetched in 32ms
198 silly resolveWithNewModule process-nextick-args@2.0.0 checking installable status
199 silly pacote range manifest for util-deprecate@~1.0.1 fetched in 32ms
200 silly resolveWithNewModule util-deprecate@1.0.2 checking installable status
201 http fetch GET 200 https://registry.npmjs.org/block-stream 17ms
202 silly pacote range manifest for block-stream@* fetched in 20ms
203 silly resolveWithNewModule block-stream@0.0.9 checking installable status
204 http fetch GET 200 https://registry.npmjs.org/os-tmpdir 27ms
205 silly pacote range manifest for os-tmpdir@~1.0.1 fetched in 30ms
206 silly resolveWithNewModule os-tmpdir@1.0.2 checking installable status
207 http fetch GET 200 https://registry.npmjs.org/builtins 19ms
208 silly pacote range manifest for builtins@^1.0.3 fetched in 22ms
209 silly resolveWithNewModule builtins@1.0.3 checking installable status
210 timing stage:loadIdealTree:loadAllDepsIntoIdealTree Completed in 2126ms
211 timing stage:loadIdealTree Completed in 2153ms
212 silly currentTree lib
213 silly idealTree lib
213 silly idealTree └─┬ create-react-app@1.5.2
213 silly idealTree   ├── ansi-regex@2.1.1
213 silly idealTree   ├── ansi-styles@2.2.1
213 silly idealTree   ├── balanced-match@1.0.0
213 silly idealTree   ├── block-stream@0.0.9
213 silly idealTree   ├── brace-expansion@1.1.11
213 silly idealTree   ├── buffer-from@0.1.2
213 silly idealTree   ├── builtins@1.0.3
213 silly idealTree   ├── chalk@1.1.3
213 silly idealTree   ├── commander@2.17.1
213 silly idealTree   ├── concat-map@0.0.1
213 silly idealTree   ├── core-util-is@1.0.2
213 silly idealTree   ├── cross-spawn@4.0.2
213 silly idealTree   ├── debug@2.6.9
213 silly idealTree   ├── duplexer2@0.0.2
213 silly idealTree   ├── envinfo@3.4.2
213 silly idealTree   ├── escape-string-regexp@1.0.5
213 silly idealTree   ├── fs-extra@1.0.0
213 silly idealTree   ├── fs.realpath@1.0.0
213 silly idealTree   ├── fstream-ignore@1.0.5
213 silly idealTree   ├── fstream@1.0.11
213 silly idealTree   ├── glob@7.1.2
213 silly idealTree   ├── graceful-fs@4.1.11
213 silly idealTree   ├── has-ansi@2.0.0
213 silly idealTree   ├── hyperquest@2.1.3
213 silly idealTree   ├── inflight@1.0.6
213 silly idealTree   ├── inherits@2.0.3
213 silly idealTree   ├── isarray@0.0.1
213 silly idealTree   ├── isexe@2.0.0
213 silly idealTree   ├── jsonfile@2.4.0
213 silly idealTree   ├── klaw@1.3.1
213 silly idealTree   ├── lru-cache@4.1.3
213 silly idealTree   ├── macos-release@1.1.0
213 silly idealTree   ├── minimatch@3.0.4
213 silly idealTree   ├── minimist@1.2.0
213 silly idealTree   ├─┬ mkdirp@0.5.1
213 silly idealTree   │ └── minimist@0.0.8
213 silly idealTree   ├── ms@2.0.0
213 silly idealTree   ├── once@1.4.0
213 silly idealTree   ├── os-name@2.0.1
213 silly idealTree   ├── os-tmpdir@1.0.2
213 silly idealTree   ├── path-is-absolute@1.0.1
213 silly idealTree   ├── process-nextick-args@2.0.0
213 silly idealTree   ├── pseudomap@1.0.2
213 silly idealTree   ├── readable-stream@1.1.14
213 silly idealTree   ├── rimraf@2.6.2
213 silly idealTree   ├── safe-buffer@5.1.2
213 silly idealTree   ├── semver@5.5.0
213 silly idealTree   ├── string_decoder@0.10.31
213 silly idealTree   ├── strip-ansi@3.0.1
213 silly idealTree   ├── supports-color@2.0.0
213 silly idealTree   ├─┬ tar-pack@3.4.1
213 silly idealTree   │ ├── isarray@1.0.0
213 silly idealTree   │ ├── readable-stream@2.3.6
213 silly idealTree   │ └── string_decoder@1.1.1
213 silly idealTree   ├── tar@2.2.1
213 silly idealTree   ├─┬ through2@0.6.5
213 silly idealTree   │ └── readable-stream@1.0.34
213 silly idealTree   ├── tmp@0.0.31
213 silly idealTree   ├── uid-number@0.0.6
213 silly idealTree   ├── util-deprecate@1.0.2
213 silly idealTree   ├── validate-npm-package-name@3.0.0
213 silly idealTree   ├── which@1.3.1
213 silly idealTree   ├── win-release@1.1.1
213 silly idealTree   ├── wrappy@1.0.2
213 silly idealTree   ├── xtend@4.0.1
213 silly idealTree   └── yallist@2.1.2
214 silly install generateActionsToTake
215 warn checkPermissions Missing write access to /usr/lib/node_modules
216 timing stage:rollbackFailedOptional Completed in 1ms
217 timing stage:runTopLevelLifecycles Completed in 4445ms
218 verbose stack Error: EACCES: permission denied, access '/usr/lib/node_modules'
219 verbose cwd /home/dim
220 verbose Linux 4.15.0-29-generic
221 verbose argv "/usr/bin/node" "/usr/bin/npm" "install" "-g" "create-react-app"
222 verbose node v10.9.0
223 verbose npm  v6.4.0
224 error path /usr/lib/node_modules
225 error code EACCES
226 error errno -13
227 error syscall access
228 error Error: EACCES: permission denied, access '/usr/lib/node_modules'
228 error  { [Error: EACCES: permission denied, access '/usr/lib/node_modules']
228 error   stack:
228 error    'Error: EACCES: permission denied, access \'/usr/lib/node_modules\'',
228 error   errno: -13,
228 error   code: 'EACCES',
228 error   syscall: 'access',
228 error   path: '/usr/lib/node_modules' }
229 error The operation was rejected by your operating system.
229 error It is likely you do not have the permissions to access this file as the current user
229 error
229 error If you believe this might be a permissions issue, please double-check the
229 error permissions of the file and its containing directories, or try running
229 error the command again as root/Administrator (though this is not recommended).
230 verbose exit [ -13, true ]
