0 info it worked if it ends with ok
1 verbose cli [ '/home/dim/.nvm/versions/node/v10.9.0/bin/node',
1 verbose cli   '/home/dim/.nvm/versions/node/v10.9.0/bin/npm',
1 verbose cli   'install',
1 verbose cli   '-g' ]
2 info using npm@6.2.0
3 info using node@v10.9.0
4 verbose npm-session ab3af98bbf7b95c5
5 silly install loadCurrentTree
6 silly install readGlobalPackageData
7 silly fetchPackageMetaData error for file: Could not install from "" as it does not contain a package.json file.
8 timing stage:rollbackFailedOptional Completed in 1ms
9 timing stage:runTopLevelLifecycles Completed in 147ms
10 verbose stack Error: ENOENT: no such file or directory, open '/home/dim/package.json'
11 verbose cwd /home/dim
12 verbose Linux 4.15.0-29-generic
13 verbose argv "/home/dim/.nvm/versions/node/v10.9.0/bin/node" "/home/dim/.nvm/versions/node/v10.9.0/bin/npm" "install" "-g"
14 verbose node v10.9.0
15 verbose npm  v6.2.0
16 error code ENOLOCAL
17 error Could not install from "" as it does not contain a package.json file.
18 verbose exit [ 1, true ]
